<?xml version="1.0" encoding="UTF-8"?>
<!-- Generated by org.testng.reporters.JUnitReportReporter -->
<testsuite hostname="GDLT297" failures="0" tests="3" name="testRunners.Runner" time="12.511" errors="0" timestamp="2025-04-02T17:11:32 IST" skipped="0">
  <testcase classname="testRunners.Runner" name="runScenario" time="5.650"/>
  <testcase classname="testRunners.Runner" name="runScenario" time="2.913"/>
  <testcase classname="testRunners.Runner" name="runScenario" time="3.948"/>
</testsuite> <!-- testRunners.Runner -->
