<?xml version="1.0" encoding="UTF-8"?>
<!-- Generated by org.testng.reporters.JUnitReportReporter -->
<testsuite hostname="GDLT297" failures="0" tests="2" name="testRunners.Runner" time="5.727" errors="0" timestamp="2025-04-01T11:08:39 IST" skipped="0">
  <testcase classname="testRunners.Runner" name="runScenario" time="4.275"/>
  <testcase classname="testRunners.Runner" name="runScenario" time="1.452"/>
</testsuite> <!-- testRunners.Runner -->
